Determining if the pthread_create exist failed with the following output:
Change Dir: /home/pxx/Desktop/c++/thread1/cmake-build-debug/CMakeFiles/CMakeTmp

Run Build Command(s):/usr/bin/make cmTC_88970/fast 
/usr/bin/make -f CMakeFiles/cmTC_88970.dir/build.make CMakeFiles/cmTC_88970.dir/build
make[1]: Entering directory '/home/pxx/Desktop/c++/thread1/cmake-build-debug/CMakeFiles/CMakeTmp'
Building C object CMakeFiles/cmTC_88970.dir/CheckSymbolExists.c.o
/usr/bin/cc    -o CMakeFiles/cmTC_88970.dir/CheckSymbolExists.c.o   -c /home/pxx/Desktop/c++/thread1/cmake-build-debug/CMakeFiles/CMakeTmp/CheckSymbolExists.c
Linking C executable cmTC_88970
/home/pxx/software/CLion-2019.1.4/clion-2019.1.4/bin/cmake/linux/bin/cmake -E cmake_link_script CMakeFiles/cmTC_88970.dir/link.txt --verbose=1
/usr/bin/cc      CMakeFiles/cmTC_88970.dir/CheckSymbolExists.c.o  -o cmTC_88970 
CMakeFiles/cmTC_88970.dir/CheckSymbolExists.c.o: In function `main':
CheckSymbolExists.c:(.text+0x1b): undefined reference to `pthread_create'
collect2: error: ld returned 1 exit status
CMakeFiles/cmTC_88970.dir/build.make:86: recipe for target 'cmTC_88970' failed
make[1]: *** [cmTC_88970] Error 1
make[1]: Leaving directory '/home/pxx/Desktop/c++/thread1/cmake-build-debug/CMakeFiles/CMakeTmp'
Makefile:121: recipe for target 'cmTC_88970/fast' failed
make: *** [cmTC_88970/fast] Error 2

File /home/pxx/Desktop/c++/thread1/cmake-build-debug/CMakeFiles/CMakeTmp/CheckSymbolExists.c:
/* */
#include <pthread.h>

int main(int argc, char** argv)
{
  (void)argv;
#ifndef pthread_create
  return ((int*)(&pthread_create))[argc];
#else
  (void)argc;
  return 0;
#endif
}

Determining if the function pthread_create exists in the pthreads failed with the following output:
Change Dir: /home/pxx/Desktop/c++/thread1/cmake-build-debug/CMakeFiles/CMakeTmp

Run Build Command(s):/usr/bin/make cmTC_8a574/fast 
/usr/bin/make -f CMakeFiles/cmTC_8a574.dir/build.make CMakeFiles/cmTC_8a574.dir/build
make[1]: Entering directory '/home/pxx/Desktop/c++/thread1/cmake-build-debug/CMakeFiles/CMakeTmp'
Building C object CMakeFiles/cmTC_8a574.dir/CheckFunctionExists.c.o
/usr/bin/cc   -DCHECK_FUNCTION_EXISTS=pthread_create   -o CMakeFiles/cmTC_8a574.dir/CheckFunctionExists.c.o   -c /home/pxx/software/CLion-2019.1.4/clion-2019.1.4/bin/cmake/linux/share/cmake-3.14/Modules/CheckFunctionExists.c
Linking C executable cmTC_8a574
/home/pxx/software/CLion-2019.1.4/clion-2019.1.4/bin/cmake/linux/bin/cmake -E cmake_link_script CMakeFiles/cmTC_8a574.dir/link.txt --verbose=1
/usr/bin/cc  -DCHECK_FUNCTION_EXISTS=pthread_create    CMakeFiles/cmTC_8a574.dir/CheckFunctionExists.c.o  -o cmTC_8a574 -lpthreads 
/usr/bin/ld: cannot find -lpthreads
collect2: error: ld returned 1 exit status
CMakeFiles/cmTC_8a574.dir/build.make:86: recipe for target 'cmTC_8a574' failed
make[1]: *** [cmTC_8a574] Error 1
make[1]: Leaving directory '/home/pxx/Desktop/c++/thread1/cmake-build-debug/CMakeFiles/CMakeTmp'
Makefile:121: recipe for target 'cmTC_8a574/fast' failed
make: *** [cmTC_8a574/fast] Error 2


